<?xml version="1.0" encoding="UTF-8"?>
<!-- Generated by org.testng.reporters.JUnitXMLReporter -->
<testsuite ignored="0" hostname="DESKTOP-TP6MMLS" failures="0" tests="4" name="Default test" time="8.516" errors="0" timestamp="2025-04-04T12:25:51 IST">
  <testcase classname="TestNG_Annotations2.Fb2" name="verfiyhomepageText" time="0.086"/>
  <testcase classname="TestNG_Annotations2.Fb2" name="verifyForgottenpassword" time="0.055"/>
  <testcase classname="TestNG_Annotations2.Fb2" name="verifyTitle" time="0.018"/>
  <testcase classname="TestNG_Annotations2.Fb2" name="verifyUrl" time="0.02"/>
</testsuite> <!-- Default test -->
