<?xml version="1.0" encoding="UTF-8"?>
<!-- Generated by org.testng.reporters.JUnitXMLReporter -->
<testsuite ignored="0" hostname="DESKTOP-TP6MMLS" failures="0" tests="10" name="Test" time="0.443" errors="0" timestamp="2025-04-04T12:29:48 IST">
  <testcase classname="TestNG_Annotations1.TC_003" name="m10" time="0.019"/>
  <testcase classname="TestNG_Annotations1.TC_003" name="m7" time="0.006"/>
  <testcase classname="TestNG_Annotations1.TC_003" name="m8" time="0.005"/>
  <testcase classname="TestNG_Annotations1.TC_003" name="m9" time="0.01"/>
  <testcase classname="TestNG_Annotations1.TC_002" name="m4" time="0.009"/>
  <testcase classname="TestNG_Annotations1.TC_002" name="m5" time="0.014"/>
  <testcase classname="TestNG_Annotations1.TC_002" name="m6" time="0.01"/>
  <testcase classname="TestNG_Annotations1.TC_001" name="m1" time="0.021"/>
  <testcase classname="TestNG_Annotations1.TC_001" name="m2" time="0.006"/>
  <testcase classname="TestNG_Annotations1.TC_001" name="m3" time="0.009"/>
</testsuite> <!-- Test -->
