<?xml version="1.0" encoding="UTF-8"?>
<testng-results ignored="0" total="10" passed="10" failed="0" skipped="0">
  <reporter-output>
  </reporter-output>
  <suite started-at="2025-04-04T12:29:47 IST" name="Suite" finished-at="2025-04-04T12:29:48 IST" duration-ms="443">
    <groups>
    </groups>
    <test started-at="2025-04-04T12:29:47 IST" name="Test" finished-at="2025-04-04T12:29:48 IST" duration-ms="443">
      <class name="TestNG_Annotations1.TC_003">
        <test-method is-config="true" signature="setUp()[pri:0, instance:TestNG_Annotations1.TC_003@77f1baf5]" started-at="2025-04-04T12:29:47 IST" name="setUp" finished-at="2025-04-04T12:29:47 IST" duration-ms="21" status="PASS">
          <reporter-output>
          </reporter-output>
        </test-method> <!-- setUp -->
        <test-method signature="m10()[pri:0, instance:TestNG_Annotations1.TC_003@77f1baf5]" started-at="2025-04-04T12:29:47 IST" name="m10" finished-at="2025-04-04T12:29:47 IST" duration-ms="19" status="PASS">
          <reporter-output>
          </reporter-output>
        </test-method> <!-- m10 -->
        <test-method is-config="true" signature="tearDown()[pri:0, instance:TestNG_Annotations1.TC_003@77f1baf5]" started-at="2025-04-04T12:29:47 IST" name="tearDown" finished-at="2025-04-04T12:29:47 IST" duration-ms="2" status="PASS">
          <reporter-output>
          </reporter-output>
        </test-method> <!-- tearDown -->
        <test-method is-config="true" signature="setUp()[pri:0, instance:TestNG_Annotations1.TC_003@77f1baf5]" started-at="2025-04-04T12:29:47 IST" name="setUp" finished-at="2025-04-04T12:29:47 IST" duration-ms="1" status="PASS">
          <reporter-output>
          </reporter-output>
        </test-method> <!-- setUp -->
        <test-method signature="m7()[pri:0, instance:TestNG_Annotations1.TC_003@77f1baf5]" started-at="2025-04-04T12:29:47 IST" name="m7" finished-at="2025-04-04T12:29:47 IST" duration-ms="6" status="PASS">
          <reporter-output>
          </reporter-output>
        </test-method> <!-- m7 -->
        <test-method is-config="true" signature="tearDown()[pri:0, instance:TestNG_Annotations1.TC_003@77f1baf5]" started-at="2025-04-04T12:29:47 IST" name="tearDown" finished-at="2025-04-04T12:29:48 IST" duration-ms="4" status="PASS">
          <reporter-output>
          </reporter-output>
        </test-method> <!-- tearDown -->
        <test-method is-config="true" signature="setUp()[pri:0, instance:TestNG_Annotations1.TC_003@77f1baf5]" started-at="2025-04-04T12:29:48 IST" name="setUp" finished-at="2025-04-04T12:29:48 IST" duration-ms="1" status="PASS">
          <reporter-output>
          </reporter-output>
        </test-method> <!-- setUp -->
        <test-method signature="m8()[pri:0, instance:TestNG_Annotations1.TC_003@77f1baf5]" started-at="2025-04-04T12:29:48 IST" name="m8" finished-at="2025-04-04T12:29:48 IST" duration-ms="5" status="PASS">
          <reporter-output>
          </reporter-output>
        </test-method> <!-- m8 -->
        <test-method is-config="true" signature="tearDown()[pri:0, instance:TestNG_Annotations1.TC_003@77f1baf5]" started-at="2025-04-04T12:29:48 IST" name="tearDown" finished-at="2025-04-04T12:29:48 IST" duration-ms="3" status="PASS">
          <reporter-output>
          </reporter-output>
        </test-method> <!-- tearDown -->
        <test-method is-config="true" signature="setUp()[pri:0, instance:TestNG_Annotations1.TC_003@77f1baf5]" started-at="2025-04-04T12:29:48 IST" name="setUp" finished-at="2025-04-04T12:29:48 IST" duration-ms="1" status="PASS">
          <reporter-output>
          </reporter-output>
        </test-method> <!-- setUp -->
        <test-method signature="m9()[pri:0, instance:TestNG_Annotations1.TC_003@77f1baf5]" started-at="2025-04-04T12:29:48 IST" name="m9" finished-at="2025-04-04T12:29:48 IST" duration-ms="10" status="PASS">
          <reporter-output>
          </reporter-output>
        </test-method> <!-- m9 -->
        <test-method is-config="true" signature="tearDown()[pri:0, instance:TestNG_Annotations1.TC_003@77f1baf5]" started-at="2025-04-04T12:29:48 IST" name="tearDown" finished-at="2025-04-04T12:29:48 IST" duration-ms="9" status="PASS">
          <reporter-output>
          </reporter-output>
        </test-method> <!-- tearDown -->
      </class> <!-- TestNG_Annotations1.TC_003 -->
      <class name="TestNG_Annotations1.TC_002">
        <test-method is-config="true" signature="setUp()[pri:0, instance:TestNG_Annotations1.TC_002@445b295b]" started-at="2025-04-04T12:29:48 IST" name="setUp" finished-at="2025-04-04T12:29:48 IST" duration-ms="2" status="PASS">
          <reporter-output>
          </reporter-output>
        </test-method> <!-- setUp -->
        <test-method signature="m4()[pri:0, instance:TestNG_Annotations1.TC_002@445b295b]" started-at="2025-04-04T12:29:48 IST" name="m4" finished-at="2025-04-04T12:29:48 IST" duration-ms="9" status="PASS">
          <reporter-output>
          </reporter-output>
        </test-method> <!-- m4 -->
        <test-method is-config="true" signature="tearDown()[pri:0, instance:TestNG_Annotations1.TC_002@445b295b]" started-at="2025-04-04T12:29:48 IST" name="tearDown" finished-at="2025-04-04T12:29:48 IST" duration-ms="1" status="PASS">
          <reporter-output>
          </reporter-output>
        </test-method> <!-- tearDown -->
        <test-method is-config="true" signature="setUp()[pri:0, instance:TestNG_Annotations1.TC_002@445b295b]" started-at="2025-04-04T12:29:48 IST" name="setUp" finished-at="2025-04-04T12:29:48 IST" duration-ms="1" status="PASS">
          <reporter-output>
          </reporter-output>
        </test-method> <!-- setUp -->
        <test-method signature="m5()[pri:0, instance:TestNG_Annotations1.TC_002@445b295b]" started-at="2025-04-04T12:29:48 IST" name="m5" finished-at="2025-04-04T12:29:48 IST" duration-ms="14" status="PASS">
          <reporter-output>
          </reporter-output>
        </test-method> <!-- m5 -->
        <test-method is-config="true" signature="tearDown()[pri:0, instance:TestNG_Annotations1.TC_002@445b295b]" started-at="2025-04-04T12:29:48 IST" name="tearDown" finished-at="2025-04-04T12:29:48 IST" duration-ms="3" status="PASS">
          <reporter-output>
          </reporter-output>
        </test-method> <!-- tearDown -->
        <test-method is-config="true" signature="setUp()[pri:0, instance:TestNG_Annotations1.TC_002@445b295b]" started-at="2025-04-04T12:29:48 IST" name="setUp" finished-at="2025-04-04T12:29:48 IST" duration-ms="1" status="PASS">
          <reporter-output>
          </reporter-output>
        </test-method> <!-- setUp -->
        <test-method signature="m6()[pri:0, instance:TestNG_Annotations1.TC_002@445b295b]" started-at="2025-04-04T12:29:48 IST" name="m6" finished-at="2025-04-04T12:29:48 IST" duration-ms="10" status="PASS">
          <reporter-output>
          </reporter-output>
        </test-method> <!-- m6 -->
        <test-method is-config="true" signature="tearDown()[pri:0, instance:TestNG_Annotations1.TC_002@445b295b]" started-at="2025-04-04T12:29:48 IST" name="tearDown" finished-at="2025-04-04T12:29:48 IST" duration-ms="2" status="PASS">
          <reporter-output>
          </reporter-output>
        </test-method> <!-- tearDown -->
      </class> <!-- TestNG_Annotations1.TC_002 -->
      <class name="TestNG_Annotations1.TC_001">
        <test-method is-config="true" signature="setUp()[pri:0, instance:TestNG_Annotations1.TC_001@49e5f737]" started-at="2025-04-04T12:29:48 IST" name="setUp" finished-at="2025-04-04T12:29:48 IST" duration-ms="2" status="PASS">
          <reporter-output>
          </reporter-output>
        </test-method> <!-- setUp -->
        <test-method signature="m1()[pri:0, instance:TestNG_Annotations1.TC_001@49e5f737]" started-at="2025-04-04T12:29:48 IST" name="m1" finished-at="2025-04-04T12:29:48 IST" duration-ms="21" status="PASS">
          <reporter-output>
          </reporter-output>
        </test-method> <!-- m1 -->
        <test-method is-config="true" signature="tearDown()[pri:0, instance:TestNG_Annotations1.TC_001@49e5f737]" started-at="2025-04-04T12:29:48 IST" name="tearDown" finished-at="2025-04-04T12:29:48 IST" duration-ms="9" status="PASS">
          <reporter-output>
          </reporter-output>
        </test-method> <!-- tearDown -->
        <test-method is-config="true" signature="setUp()[pri:0, instance:TestNG_Annotations1.TC_001@49e5f737]" started-at="2025-04-04T12:29:48 IST" name="setUp" finished-at="2025-04-04T12:29:48 IST" duration-ms="7" status="PASS">
          <reporter-output>
          </reporter-output>
        </test-method> <!-- setUp -->
        <test-method signature="m2()[pri:0, instance:TestNG_Annotations1.TC_001@49e5f737]" started-at="2025-04-04T12:29:48 IST" name="m2" finished-at="2025-04-04T12:29:48 IST" duration-ms="6" status="PASS">
          <reporter-output>
          </reporter-output>
        </test-method> <!-- m2 -->
        <test-method is-config="true" signature="tearDown()[pri:0, instance:TestNG_Annotations1.TC_001@49e5f737]" started-at="2025-04-04T12:29:48 IST" name="tearDown" finished-at="2025-04-04T12:29:48 IST" duration-ms="2" status="PASS">
          <reporter-output>
          </reporter-output>
        </test-method> <!-- tearDown -->
        <test-method is-config="true" signature="setUp()[pri:0, instance:TestNG_Annotations1.TC_001@49e5f737]" started-at="2025-04-04T12:29:48 IST" name="setUp" finished-at="2025-04-04T12:29:48 IST" duration-ms="4" status="PASS">
          <reporter-output>
          </reporter-output>
        </test-method> <!-- setUp -->
        <test-method signature="m3()[pri:0, instance:TestNG_Annotations1.TC_001@49e5f737]" started-at="2025-04-04T12:29:48 IST" name="m3" finished-at="2025-04-04T12:29:48 IST" duration-ms="9" status="PASS">
          <reporter-output>
          </reporter-output>
        </test-method> <!-- m3 -->
        <test-method is-config="true" signature="tearDown()[pri:0, instance:TestNG_Annotations1.TC_001@49e5f737]" started-at="2025-04-04T12:29:48 IST" name="tearDown" finished-at="2025-04-04T12:29:48 IST" duration-ms="1" status="PASS">
          <reporter-output>
          </reporter-output>
        </test-method> <!-- tearDown -->
      </class> <!-- TestNG_Annotations1.TC_001 -->
    </test> <!-- Test -->
  </suite> <!-- Suite -->
</testng-results>
